Build started 4/30/2016 8:09:03 PM.
     1>Project "I:\Projects\wizards\Intermediate\ProjectFiles\Wizards.vcxproj" on node 2 (Rebuild target(s)).
     1>Rebuild:
         "I:\EPIC\Epic Games\4.10\Engine\Build\BatchFiles\Rebuild.bat" WizardsEditor Win64 Development "I:\Projects\wizards\Wizards.uproject" -rocket -waitmutex -2015
         Cleaning WizardsEditor Binaries...
         Compiling game modules for hot reload
     1>EXEC : error : System.UnauthorizedAccessException: Access to the path 'I:\Projects\wizards\Binaries\Win64\UE4Editor-Wizards-9470.dll' is denied.
            at UnrealBuildTool.UEBuildTarget.CleanFile(String Filename)
            at UnrealBuildTool.UEBuildTarget.CleanTarget(BuildManifest Manifest)
            at UnrealBuildTool.UEBuildTarget.GenerateManifest()
            at UnrealBuildTool.UEBuildTarget.Build(IUEToolChain TargetToolChain, List`1& OutputItems, List`1& UObjectModules, String& EULAViolationWarning)
            at UnrealBuildTool.UnrealBuildTool.RunUBT(String[] Arguments)
         Compiling game modules for hot reload
         Performing 2 actions (4 in parallel)
         WizardsGameInstance.cpp
     1>I:\Projects\wizards\Source\Wizards\Private\WizardsGameInstance.cpp(6): fatal error C1083: Cannot open include file: 'Networking.h': No such file or directory
         -------- End Detailed Actions Stats -----------------------------------------------------------
     1>ERROR : UBT error : Failed to produce item: I:\Projects\wizards\Binaries\Win64\UE4Editor-Wizards-9772.dll
         Total build time: 2.50 seconds
     1>C:\Program Files (x86)\MSBuild\Microsoft.Cpp\v4.0\V140\Microsoft.MakeFile.Targets(42,5): error MSB3075: The command ""I:\EPIC\Epic Games\4.10\Engine\Build\BatchFiles\Rebuild.bat" WizardsEditor Win64 Development "I:\Projects\wizards\Wizards.uproject" -rocket -waitmutex -2015" exited with code 5. Please verify that you have sufficient rights to run this command.
     1>Done Building Project "I:\Projects\wizards\Intermediate\ProjectFiles\Wizards.vcxproj" (Rebuild target(s)) -- FAILED.

Build FAILED.

Time Elapsed 00:00:22.85
